{"context":"InstanceLoader","level":"info","message":"AppModule dependencies initialized","timestamp":"2025-01-31T01:59:40.125Z"}
{"context":"InstanceLoader","level":"info","message":"TypeOrmModule dependencies initialized","timestamp":"2025-01-31T01:59:40.125Z"}
{"context":"InstanceLoader","level":"info","message":"JwtModule dependencies initialized","timestamp":"2025-01-31T01:59:40.125Z"}
{"context":"InstanceLoader","level":"info","message":"WinstonModule dependencies initialized","timestamp":"2025-01-31T01:59:40.126Z"}
{"context":"InstanceLoader","level":"info","message":"AuthModule dependencies initialized","timestamp":"2025-01-31T01:59:40.126Z"}
{"context":"InstanceLoader","level":"info","message":"TypeOrmCoreModule dependencies initialized","timestamp":"2025-01-31T01:59:40.142Z"}
{"context":"InstanceLoader","level":"info","message":"TypeOrmModule dependencies initialized","timestamp":"2025-01-31T01:59:40.142Z"}
{"context":"InstanceLoader","level":"info","message":"TypeOrmModule dependencies initialized","timestamp":"2025-01-31T01:59:40.142Z"}
{"context":"InstanceLoader","level":"info","message":"UserModule dependencies initialized","timestamp":"2025-01-31T01:59:40.143Z"}
{"context":"RoutesResolver","level":"info","message":"UserController {/users}:","timestamp":"2025-01-31T01:59:40.145Z"}
{"context":"RouterExplorer","level":"info","message":"Mapped {/users, POST} route","timestamp":"2025-01-31T01:59:40.146Z"}
{"context":"RouterExplorer","level":"info","message":"Mapped {/users, GET} route","timestamp":"2025-01-31T01:59:40.146Z"}
{"context":"RouterExplorer","level":"info","message":"Mapped {/users/:id, GET} route","timestamp":"2025-01-31T01:59:40.147Z"}
{"context":"RouterExplorer","level":"info","message":"Mapped {/users/:id, PUT} route","timestamp":"2025-01-31T01:59:40.147Z"}
{"context":"RouterExplorer","level":"info","message":"Mapped {/users/:id, DELETE} route","timestamp":"2025-01-31T01:59:40.147Z"}
{"context":"RoutesResolver","level":"info","message":"AuthController {/auth}:","timestamp":"2025-01-31T01:59:40.147Z"}
{"context":"RouterExplorer","level":"info","message":"Mapped {/auth/signin, POST} route","timestamp":"2025-01-31T01:59:40.148Z"}
{"context":"NestApplication","level":"info","message":"Nest application successfully started","timestamp":"2025-01-31T01:59:40.149Z"}
{"level":"warn","message":"Login try to user: bruce wayne","timestamp":"2025-01-31T01:59:49.947Z"}
{"level":"info","message":"Login successful -> catched by log: bruce wayne","timestamp":"2025-01-31T01:59:50.026Z"}
{"level":"warn","message":"Login try to user: bruce wayne","timestamp":"2025-01-31T01:59:57.359Z"}
{"level":"warn","message":"Login try to user: bruce wayne","timestamp":"2025-01-31T02:01:49.583Z"}
{"level":"warn","message":"Password incorrect -> catched by log: bruce wayne","timestamp":"2025-01-31T02:01:49.665Z"}
{"level":"warn","message":"Login try to user: bruce wayne","timestamp":"2025-01-31T02:01:55.615Z"}
{"level":"info","message":"Login successful -> catched by log: bruce wayne","timestamp":"2025-01-31T02:01:55.704Z"}
